[debug] [2020-12-04T18:30:48.593Z] ----------------------------------------------------------------------
[debug] [2020-12-04T18:30:48.596Z] Command:       C:\Program Files\nodejs\node.exe C:\Users\Haris\AppData\Roaming\npm\node_modules\firebase-tools\lib\bin\firebase.js init
[debug] [2020-12-04T18:30:48.596Z] CLI Version:   8.17.0
[debug] [2020-12-04T18:30:48.596Z] Platform:      win32
[debug] [2020-12-04T18:30:48.596Z] Node Version:  v12.19.0
[debug] [2020-12-04T18:30:48.598Z] Time:          Fri Dec 04 2020 19:30:48 GMT+0100 (Central European Standard Time)
[debug] [2020-12-04T18:30:48.599Z] ----------------------------------------------------------------------
[debug] [2020-12-04T18:30:48.599Z] 
[debug] [2020-12-04T18:30:48.606Z] > command requires scopes: ["email","openid","https://www.googleapis.com/auth/cloudplatformprojects.readonly","https://www.googleapis.com/auth/firebase","https://www.googleapis.com/auth/cloud-platform"]
[debug] [2020-12-04T18:30:48.607Z] > authorizing via signed-in user
[info] 
     ######## #### ########  ######## ########     ###     ######  ########
     ##        ##  ##     ## ##       ##     ##  ##   ##  ##       ##
     ######    ##  ########  ######   ########  #########  ######  ######
     ##        ##  ##    ##  ##       ##     ## ##     ##       ## ##
     ##       #### ##     ## ######## ########  ##     ##  ######  ########

You're about to initialize a Firebase project in this directory:

  F:\basic js\netflix-clone

[info] 
=== Project Setup
[info] 
[info] First, let's associate this project directory with a Firebase project.
[info] You can create multiple project aliases by running firebase use --add, 
[info] but for now we'll just set up a default project.
[info] 
[debug] [2020-12-04T18:31:18.861Z] >>> HTTP REQUEST GET https://firebase.googleapis.com/v1beta1/projects?pageSize=100  
 
[debug] [2020-12-04T18:31:19.453Z] <<< HTTP RESPONSE 200 {"content-type":"application/json; charset=UTF-8","vary":"X-Origin, Referer, Origin,Accept-Encoding","date":"Fri, 04 Dec 2020 18:31:19 GMT","server":"ESF","cache-control":"private","x-xss-protection":"0","x-frame-options":"SAMEORIGIN","x-content-type-options":"nosniff","alt-svc":"h3-29=\":443\"; ma=2592000,h3-T051=\":443\"; ma=2592000,h3-Q050=\":443\"; ma=2592000,h3-Q046=\":443\"; ma=2592000,h3-Q043=\":443\"; ma=2592000,quic=\":443\"; ma=2592000; v=\"46,43\"","accept-ranges":"none","transfer-encoding":"chunked"}
[info] i  Using project netflix-clone-800ee (Netflix-clone) 
[info] 
=== Hosting Setup
[info] 
[info] Your public directory is the folder (relative to your project directory) that
[info] will contain Hosting assets to be uploaded with firebase deploy. If you
[info] have a build process for your assets, use your build's output directory.
[info] 
[debug] [2020-12-04T18:31:42.153Z] >>> HTTP REQUEST GET https://www.gstatic.com/firebasejs/releases.json  
 
[debug] [2020-12-04T18:31:53.243Z] Error: connect ECONNREFUSED 5.149.252.98:443
    at TCPConnectWrap.afterConnect [as oncomplete] (net.js:1145:16)
[error] 
[error] Error: Server Error. connect ECONNREFUSED 5.149.252.98:443
[debug] [2020-12-04T18:31:59.527Z] ----------------------------------------------------------------------
[debug] [2020-12-04T18:31:59.529Z] Command:       C:\Program Files\nodejs\node.exe C:\Users\Haris\AppData\Roaming\npm\node_modules\firebase-tools\lib\bin\firebase.js init
[debug] [2020-12-04T18:31:59.529Z] CLI Version:   8.17.0
[debug] [2020-12-04T18:31:59.529Z] Platform:      win32
[debug] [2020-12-04T18:31:59.529Z] Node Version:  v12.19.0
[debug] [2020-12-04T18:31:59.531Z] Time:          Fri Dec 04 2020 19:31:59 GMT+0100 (Central European Standard Time)
[debug] [2020-12-04T18:31:59.532Z] ----------------------------------------------------------------------
[debug] [2020-12-04T18:31:59.532Z] 
[debug] [2020-12-04T18:31:59.539Z] > command requires scopes: ["email","openid","https://www.googleapis.com/auth/cloudplatformprojects.readonly","https://www.googleapis.com/auth/firebase","https://www.googleapis.com/auth/cloud-platform"]
[debug] [2020-12-04T18:31:59.539Z] > authorizing via signed-in user
[info] 
     ######## #### ########  ######## ########     ###     ######  ########
     ##        ##  ##     ## ##       ##     ##  ##   ##  ##       ##
     ######    ##  ########  ######   ########  #########  ######  ######
     ##        ##  ##    ##  ##       ##     ## ##     ##       ## ##
     ##       #### ##     ## ######## ########  ##     ##  ######  ########

You're about to initialize a Firebase project in this directory:

  F:\basic js\netflix-clone

[info] 
=== Project Setup
[info] 
[info] First, let's associate this project directory with a Firebase project.
[info] You can create multiple project aliases by running firebase use --add, 
[info] but for now we'll just set up a default project.
[info] 
[debug] [2020-12-04T18:32:12.980Z] >>> HTTP REQUEST GET https://firebase.googleapis.com/v1beta1/projects?pageSize=100  
 
[debug] [2020-12-04T18:32:13.509Z] <<< HTTP RESPONSE 200 {"content-type":"application/json; charset=UTF-8","vary":"X-Origin, Referer, Origin,Accept-Encoding","date":"Fri, 04 Dec 2020 18:32:13 GMT","server":"ESF","cache-control":"private","x-xss-protection":"0","x-frame-options":"SAMEORIGIN","x-content-type-options":"nosniff","alt-svc":"h3-29=\":443\"; ma=2592000,h3-T051=\":443\"; ma=2592000,h3-Q050=\":443\"; ma=2592000,h3-Q046=\":443\"; ma=2592000,h3-Q043=\":443\"; ma=2592000,quic=\":443\"; ma=2592000; v=\"46,43\"","accept-ranges":"none","transfer-encoding":"chunked"}
[info] i  Using project netflix-clone-800ee (Netflix-clone) 
[info] 
=== Hosting Setup
[info] 
[info] Your public directory is the folder (relative to your project directory) that
[info] will contain Hosting assets to be uploaded with firebase deploy. If you
[info] have a build process for your assets, use your build's output directory.
[info] 
[debug] [2020-12-04T18:32:34.527Z] >>> HTTP REQUEST GET https://www.gstatic.com/firebasejs/releases.json  
 
[debug] [2020-12-04T18:32:39.740Z] Error: connect ECONNREFUSED 5.149.252.98:443
    at TCPConnectWrap.afterConnect [as oncomplete] (net.js:1145:16)
[error] 
[error] Error: Server Error. connect ECONNREFUSED 5.149.252.98:443
